-------------------------------------------------------------------------------
Test set: iworks.StudentTimelineProgramsServletTest
-------------------------------------------------------------------------------
Tests run: 1, Failures: 0, Errors: 1, Skipped: 0, Time elapsed: 0.003 s <<< FAILURE! - in iworks.StudentTimelineProgramsServletTest
doGetWritesResponse(iworks.StudentTimelineProgramsServletTest)  Time elapsed: 0.001 s  <<< ERROR!
java.lang.NullPointerException
	at iworks.StudentTimelineProgramsServletTest.doGetWritesResponse(StudentTimelineProgramsServletTest.java:57)

